2016-01-08 22:59:21 [::1][-][-][error][yii\base\InvalidParamException] exception 'yii\base\InvalidParamException' with message 'The view file does not exist: F:\phpserver\webroot\advanced\frontend\views\site\index.php' in F:\phpserver\webroot\advanced\vendor\yiisoft\yii2\base\View.php:226
Stack trace:
#0 F:\phpserver\webroot\advanced\vendor\yiisoft\yii2\base\View.php(149): yii\base\View->renderFile('F:\\phpserver\\we...', Array, Object(frontend\controllers\SiteController))
#1 F:\phpserver\webroot\advanced\vendor\yiisoft\yii2\base\Controller.php(371): yii\base\View->render('index', Array, Object(frontend\controllers\SiteController))
#2 F:\phpserver\webroot\advanced\frontend\controllers\SiteController.php(75): yii\base\Controller->render('index')
#3 [internal function]: frontend\controllers\SiteController->actionIndex()
#4 F:\phpserver\webroot\advanced\vendor\yiisoft\yii2\base\InlineAction.php(55): call_user_func_array(Array, Array)
#5 F:\phpserver\webroot\advanced\vendor\yiisoft\yii2\base\Controller.php(151): yii\base\InlineAction->runWithParams(Array)
#6 F:\phpserver\webroot\advanced\vendor\yiisoft\yii2\base\Module.php(455): yii\base\Controller->runAction('', Array)
#7 F:\phpserver\webroot\advanced\vendor\yiisoft\yii2\web\Application.php(84): yii\base\Module->runAction('', Array)
#8 F:\phpserver\webroot\advanced\vendor\yiisoft\yii2\base\Application.php(375): yii\web\Application->handleRequest(Object(yii\web\Request))
#9 F:\phpserver\webroot\advanced\index.php(22): yii\base\Application->run()
#10 {main}
2016-01-08 22:59:21 [::1][-][-][info][application] $_COOKIE = [
    'PHPSESSID' => 'siqtpkt0lnsijo5hanj1kmu0i6'
    '_csrf' => '26f3240233c22d11b675fc179b2da1f09c1447b28b219b669b727b7c039bc3f8a:2:{i:0;s:5:\"_csrf\";i:1;s:32:\"spJ-87nd-fWp9deyEnUeD214uwGiDG_8\";}'
]

$_SERVER = [
    'HTTP_HOST' => 'localhost'
    'HTTP_CONNECTION' => 'keep-alive'
    'HTTP_CACHE_CONTROL' => 'max-age=0'
    'HTTP_ACCEPT' => 'text/html,application/xhtml+xml,application/xml;q=0.9,image/webp,*/*;q=0.8'
    'HTTP_UPGRADE_INSECURE_REQUESTS' => '1'
    'HTTP_USER_AGENT' => 'Mozilla/5.0 (Windows NT 6.1; WOW64) AppleWebKit/537.36 (KHTML, like Gecko) Chrome/46.0.2490.86 Safari/537.36'
    'HTTP_ACCEPT_ENCODING' => 'gzip, deflate, sdch'
    'HTTP_ACCEPT_LANGUAGE' => 'zh-CN,zh;q=0.8'
    'HTTP_COOKIE' => 'PHPSESSID=siqtpkt0lnsijo5hanj1kmu0i6; _csrf=26f3240233c22d11b675fc179b2da1f09c1447b28b219b669b727b7c039bc3f8a%3A2%3A%7Bi%3A0%3Bs%3A5%3A%22_csrf%22%3Bi%3A1%3Bs%3A32%3A%22spJ-87nd-fWp9deyEnUeD214uwGiDG_8%22%3B%7D'
    'PATH' => 'C:\\Windows\\system32;C:\\Windows;C:\\Windows\\System32\\Wbem;C:\\Windows\\System32\\WindowsPowerShell\\v1.0\\;D:\\nodejs\\;F:\\phpserver\\apache\\Apache24\\bin;F:\\phpserver\\mysql\\mysql-5.6.24\\bin;F:\\phpserver\\php\\php-5.6.8;D:\\svn\\bin;D:\\wkhtmltox\\wkhtmltopdf\\bin;D:\\netbeans\\Java\\jdk1.8.0_45\\bin;'
    'SystemRoot' => 'C:\\Windows'
    'COMSPEC' => 'C:\\Windows\\system32\\cmd.exe'
    'PATHEXT' => '.COM;.EXE;.BAT;.CMD;.VBS;.VBE;.JS;.JSE;.WSF;.WSH;.MSC'
    'WINDIR' => 'C:\\Windows'
    'SERVER_SIGNATURE' => ''
    'SERVER_SOFTWARE' => 'Apache/2.4.12 (Win64) OpenSSL/1.0.1m mod_fcgid/2.3.9 PHP/5.6.8'
    'SERVER_NAME' => 'localhost'
    'SERVER_ADDR' => '::1'
    'SERVER_PORT' => '80'
    'REMOTE_ADDR' => '::1'
    'DOCUMENT_ROOT' => 'F:/phpserver/webroot'
    'REQUEST_SCHEME' => 'http'
    'CONTEXT_PREFIX' => ''
    'CONTEXT_DOCUMENT_ROOT' => 'F:/phpserver/webroot'
    'SERVER_ADMIN' => 'admin@example.com'
    'SCRIPT_FILENAME' => 'F:/phpserver/webroot/advanced/index.php'
    'REMOTE_PORT' => '51202'
    'GATEWAY_INTERFACE' => 'CGI/1.1'
    'SERVER_PROTOCOL' => 'HTTP/1.1'
    'REQUEST_METHOD' => 'GET'
    'QUERY_STRING' => ''
    'REQUEST_URI' => '/advanced/'
    'SCRIPT_NAME' => '/advanced/index.php'
    'PHP_SELF' => '/advanced/index.php'
    'REQUEST_TIME_FLOAT' => 1452265161.088
    'REQUEST_TIME' => 1452265161
]
2016-01-08 22:59:21 [::1][-][-][warning][yii\log\Dispatcher::dispatch] Unable to send log via yii\debug\LogTarget: Exception 'Exception' with message 'Serialization of 'Closure' is not allowed' 

in F:\phpserver\webroot\advanced\vendor\yiisoft\yii2-debug\LogTarget.php:58

Stack trace:
#0 F:\phpserver\webroot\advanced\vendor\yiisoft\yii2-debug\LogTarget.php(58): serialize(Array)
#1 F:\phpserver\webroot\advanced\vendor\yiisoft\yii2-debug\LogTarget.php(112): yii\debug\LogTarget->export(Array)
#2 F:\phpserver\webroot\advanced\vendor\yiisoft\yii2\log\Dispatcher.php(183): yii\debug\LogTarget->collect(Array, true)
#3 F:\phpserver\webroot\advanced\vendor\yiisoft\yii2\log\Logger.php(173): yii\log\Dispatcher->dispatch(Array, true)
#4 F:\phpserver\webroot\advanced\vendor\yiisoft\yii2\base\ErrorHandler.php(111): yii\log\Logger->flush(true)
#5 [internal function]: yii\base\ErrorHandler->handleException(Object(yii\base\InvalidParamException))
#6 {main}
2016-01-08 22:59:21 [::1][-][-][info][application] $_COOKIE = [
    'PHPSESSID' => 'siqtpkt0lnsijo5hanj1kmu0i6'
    '_csrf' => '26f3240233c22d11b675fc179b2da1f09c1447b28b219b669b727b7c039bc3f8a:2:{i:0;s:5:\"_csrf\";i:1;s:32:\"spJ-87nd-fWp9deyEnUeD214uwGiDG_8\";}'
]

$_SERVER = [
    'HTTP_HOST' => 'localhost'
    'HTTP_CONNECTION' => 'keep-alive'
    'HTTP_CACHE_CONTROL' => 'max-age=0'
    'HTTP_ACCEPT' => 'text/html,application/xhtml+xml,application/xml;q=0.9,image/webp,*/*;q=0.8'
    'HTTP_UPGRADE_INSECURE_REQUESTS' => '1'
    'HTTP_USER_AGENT' => 'Mozilla/5.0 (Windows NT 6.1; WOW64) AppleWebKit/537.36 (KHTML, like Gecko) Chrome/46.0.2490.86 Safari/537.36'
    'HTTP_ACCEPT_ENCODING' => 'gzip, deflate, sdch'
    'HTTP_ACCEPT_LANGUAGE' => 'zh-CN,zh;q=0.8'
    'HTTP_COOKIE' => 'PHPSESSID=siqtpkt0lnsijo5hanj1kmu0i6; _csrf=26f3240233c22d11b675fc179b2da1f09c1447b28b219b669b727b7c039bc3f8a%3A2%3A%7Bi%3A0%3Bs%3A5%3A%22_csrf%22%3Bi%3A1%3Bs%3A32%3A%22spJ-87nd-fWp9deyEnUeD214uwGiDG_8%22%3B%7D'
    'PATH' => 'C:\\Windows\\system32;C:\\Windows;C:\\Windows\\System32\\Wbem;C:\\Windows\\System32\\WindowsPowerShell\\v1.0\\;D:\\nodejs\\;F:\\phpserver\\apache\\Apache24\\bin;F:\\phpserver\\mysql\\mysql-5.6.24\\bin;F:\\phpserver\\php\\php-5.6.8;D:\\svn\\bin;D:\\wkhtmltox\\wkhtmltopdf\\bin;D:\\netbeans\\Java\\jdk1.8.0_45\\bin;'
    'SystemRoot' => 'C:\\Windows'
    'COMSPEC' => 'C:\\Windows\\system32\\cmd.exe'
    'PATHEXT' => '.COM;.EXE;.BAT;.CMD;.VBS;.VBE;.JS;.JSE;.WSF;.WSH;.MSC'
    'WINDIR' => 'C:\\Windows'
    'SERVER_SIGNATURE' => ''
    'SERVER_SOFTWARE' => 'Apache/2.4.12 (Win64) OpenSSL/1.0.1m mod_fcgid/2.3.9 PHP/5.6.8'
    'SERVER_NAME' => 'localhost'
    'SERVER_ADDR' => '::1'
    'SERVER_PORT' => '80'
    'REMOTE_ADDR' => '::1'
    'DOCUMENT_ROOT' => 'F:/phpserver/webroot'
    'REQUEST_SCHEME' => 'http'
    'CONTEXT_PREFIX' => ''
    'CONTEXT_DOCUMENT_ROOT' => 'F:/phpserver/webroot'
    'SERVER_ADMIN' => 'admin@example.com'
    'SCRIPT_FILENAME' => 'F:/phpserver/webroot/advanced/index.php'
    'REMOTE_PORT' => '51202'
    'GATEWAY_INTERFACE' => 'CGI/1.1'
    'SERVER_PROTOCOL' => 'HTTP/1.1'
    'REQUEST_METHOD' => 'GET'
    'QUERY_STRING' => ''
    'REQUEST_URI' => '/advanced/'
    'SCRIPT_NAME' => '/advanced/index.php'
    'PHP_SELF' => '/advanced/index.php'
    'REQUEST_TIME_FLOAT' => 1452265161.088
    'REQUEST_TIME' => 1452265161
]
2016-01-08 23:20:17 [::1][-][siqtpkt0lnsijo5hanj1kmu0i6][error][yii\web\HttpException:404] exception 'yii\web\NotFoundHttpException' with message 'Page not found.' in F:\phpserver\webroot\advanced\vendor\yiisoft\yii2\web\Request.php:190
Stack trace:
#0 F:\phpserver\webroot\advanced\vendor\yiisoft\yii2\web\Application.php(75): yii\web\Request->resolve()
#1 F:\phpserver\webroot\advanced\vendor\yiisoft\yii2\base\Application.php(375): yii\web\Application->handleRequest(Object(yii\web\Request))
#2 F:\phpserver\webroot\advanced\index.php(22): yii\base\Application->run()
#3 {main}
2016-01-08 23:20:17 [::1][-][siqtpkt0lnsijo5hanj1kmu0i6][info][application] $_COOKIE = [
    'PHPSESSID' => 'siqtpkt0lnsijo5hanj1kmu0i6'
    '_csrf' => '2be7c09a2a2320dd54a73e8bac30ad512452e7c0f4aa4dc1a4f5202fda8096aaa:2:{i:0;s:5:\"_csrf\";i:1;s:32:\"k2TKPrTcz4I5U0yIA4noUWUVBh3dd8rD\";}'
]

$_SESSION = [
    '__flash' => []
    '__returnUrl' => '/advanced/admin.php'
    '__captcha/site/captcha' => 'exsecoz'
    '__captcha/site/captchacount' => 1
]

$_SERVER = [
    'REDIRECT_STATUS' => '200'
    'HTTP_HOST' => 'localhost'
    'HTTP_CONNECTION' => 'keep-alive'
    'HTTP_ACCEPT' => 'text/css,*/*;q=0.1'
    'HTTP_USER_AGENT' => 'Mozilla/5.0 (Windows NT 6.1; WOW64) AppleWebKit/537.36 (KHTML, like Gecko) Chrome/46.0.2490.86 Safari/537.36'
    'HTTP_REFERER' => 'http://localhost/advanced/admin.php/site/login.html'
    'HTTP_ACCEPT_ENCODING' => 'gzip, deflate, sdch'
    'HTTP_ACCEPT_LANGUAGE' => 'zh-CN,zh;q=0.8'
    'HTTP_COOKIE' => 'PHPSESSID=siqtpkt0lnsijo5hanj1kmu0i6; _csrf=2be7c09a2a2320dd54a73e8bac30ad512452e7c0f4aa4dc1a4f5202fda8096aaa%3A2%3A%7Bi%3A0%3Bs%3A5%3A%22_csrf%22%3Bi%3A1%3Bs%3A32%3A%22k2TKPrTcz4I5U0yIA4noUWUVBh3dd8rD%22%3B%7D'
    'PATH' => 'C:\\Windows\\system32;C:\\Windows;C:\\Windows\\System32\\Wbem;C:\\Windows\\System32\\WindowsPowerShell\\v1.0\\;D:\\nodejs\\;F:\\phpserver\\apache\\Apache24\\bin;F:\\phpserver\\mysql\\mysql-5.6.24\\bin;F:\\phpserver\\php\\php-5.6.8;D:\\svn\\bin;D:\\wkhtmltox\\wkhtmltopdf\\bin;D:\\netbeans\\Java\\jdk1.8.0_45\\bin;'
    'SystemRoot' => 'C:\\Windows'
    'COMSPEC' => 'C:\\Windows\\system32\\cmd.exe'
    'PATHEXT' => '.COM;.EXE;.BAT;.CMD;.VBS;.VBE;.JS;.JSE;.WSF;.WSH;.MSC'
    'WINDIR' => 'C:\\Windows'
    'SERVER_SIGNATURE' => ''
    'SERVER_SOFTWARE' => 'Apache/2.4.12 (Win64) OpenSSL/1.0.1m mod_fcgid/2.3.9 PHP/5.6.8'
    'SERVER_NAME' => 'localhost'
    'SERVER_ADDR' => '::1'
    'SERVER_PORT' => '80'
    'REMOTE_ADDR' => '::1'
    'DOCUMENT_ROOT' => 'F:/phpserver/webroot'
    'REQUEST_SCHEME' => 'http'
    'CONTEXT_PREFIX' => ''
    'CONTEXT_DOCUMENT_ROOT' => 'F:/phpserver/webroot'
    'SERVER_ADMIN' => 'admin@example.com'
    'SCRIPT_FILENAME' => 'F:/phpserver/webroot/advanced/index.php'
    'REMOTE_PORT' => '51539'
    'REDIRECT_URL' => '/advanced/css/site.css'
    'GATEWAY_INTERFACE' => 'CGI/1.1'
    'SERVER_PROTOCOL' => 'HTTP/1.1'
    'REQUEST_METHOD' => 'GET'
    'QUERY_STRING' => ''
    'REQUEST_URI' => '/advanced/css/site.css'
    'SCRIPT_NAME' => '/advanced/index.php'
    'PATH_INFO' => '/css/site.css'
    'PATH_TRANSLATED' => 'F:\\phpserver\\webroot\\css\\site.css'
    'PHP_SELF' => '/advanced/index.php/css/site.css'
    'REQUEST_TIME_FLOAT' => 1452266417.407
    'REQUEST_TIME' => 1452266417
]
2016-01-08 23:46:00 [::1][-][-][error][yii\i18n\PhpMessageSource::loadMessages] The message file for category 'app' does not exist: F:\phpserver\webroot\advanced\frontend/messages/zh-CN/app.php Fallback file does not exist as well: F:\phpserver\webroot\advanced\frontend/messages/zh/app.php
    in F:\phpserver\webroot\advanced\source\LsYii.php:461
    in F:\phpserver\webroot\advanced\frontend\controllers\SiteController.php:76
2016-01-08 23:45:59 [::1][-][-][info][application] $_COOKIE = [
    'PHPSESSID' => 'siqtpkt0lnsijo5hanj1kmu0i6'
    '_csrf' => '46db6d554acb24a22c4457422d9bddaf9ffa82de2cf1cc573963cd3f9de438aea:2:{i:0;s:5:\"_csrf\";i:1;s:32:\"-D_3TPLSLTAcDcDypnPQpfCF--KGbPVe\";}'
]

$_SERVER = [
    'HTTP_HOST' => 'localhost'
    'HTTP_CONNECTION' => 'keep-alive'
    'HTTP_CACHE_CONTROL' => 'max-age=0'
    'HTTP_ACCEPT' => 'text/html,application/xhtml+xml,application/xml;q=0.9,image/webp,*/*;q=0.8'
    'HTTP_UPGRADE_INSECURE_REQUESTS' => '1'
    'HTTP_USER_AGENT' => 'Mozilla/5.0 (Windows NT 6.1; WOW64) AppleWebKit/537.36 (KHTML, like Gecko) Chrome/46.0.2490.86 Safari/537.36'
    'HTTP_ACCEPT_ENCODING' => 'gzip, deflate, sdch'
    'HTTP_ACCEPT_LANGUAGE' => 'zh-CN,zh;q=0.8'
    'HTTP_COOKIE' => 'PHPSESSID=siqtpkt0lnsijo5hanj1kmu0i6; _csrf=46db6d554acb24a22c4457422d9bddaf9ffa82de2cf1cc573963cd3f9de438aea%3A2%3A%7Bi%3A0%3Bs%3A5%3A%22_csrf%22%3Bi%3A1%3Bs%3A32%3A%22-D_3TPLSLTAcDcDypnPQpfCF--KGbPVe%22%3B%7D'
    'PATH' => 'C:\\Windows\\system32;C:\\Windows;C:\\Windows\\System32\\Wbem;C:\\Windows\\System32\\WindowsPowerShell\\v1.0\\;D:\\nodejs\\;F:\\phpserver\\apache\\Apache24\\bin;F:\\phpserver\\mysql\\mysql-5.6.24\\bin;F:\\phpserver\\php\\php-5.6.8;D:\\svn\\bin;D:\\wkhtmltox\\wkhtmltopdf\\bin;D:\\netbeans\\Java\\jdk1.8.0_45\\bin;'
    'SystemRoot' => 'C:\\Windows'
    'COMSPEC' => 'C:\\Windows\\system32\\cmd.exe'
    'PATHEXT' => '.COM;.EXE;.BAT;.CMD;.VBS;.VBE;.JS;.JSE;.WSF;.WSH;.MSC'
    'WINDIR' => 'C:\\Windows'
    'SERVER_SIGNATURE' => ''
    'SERVER_SOFTWARE' => 'Apache/2.4.12 (Win64) OpenSSL/1.0.1m mod_fcgid/2.3.9 PHP/5.6.8'
    'SERVER_NAME' => 'localhost'
    'SERVER_ADDR' => '::1'
    'SERVER_PORT' => '80'
    'REMOTE_ADDR' => '::1'
    'DOCUMENT_ROOT' => 'F:/phpserver/webroot'
    'REQUEST_SCHEME' => 'http'
    'CONTEXT_PREFIX' => ''
    'CONTEXT_DOCUMENT_ROOT' => 'F:/phpserver/webroot'
    'SERVER_ADMIN' => 'admin@example.com'
    'SCRIPT_FILENAME' => 'F:/phpserver/webroot/advanced/index.php'
    'REMOTE_PORT' => '52068'
    'GATEWAY_INTERFACE' => 'CGI/1.1'
    'SERVER_PROTOCOL' => 'HTTP/1.1'
    'REQUEST_METHOD' => 'GET'
    'QUERY_STRING' => ''
    'REQUEST_URI' => '/advanced/index.php'
    'SCRIPT_NAME' => '/advanced/index.php'
    'PHP_SELF' => '/advanced/index.php'
    'REQUEST_TIME_FLOAT' => 1452267959.928
    'REQUEST_TIME' => 1452267959
]
2016-01-08 23:46:01 [::1][-][-][error][yii\i18n\PhpMessageSource::loadMessages] The message file for category 'app' does not exist: F:\phpserver\webroot\advanced\frontend/messages/zh-CN/app.php Fallback file does not exist as well: F:\phpserver\webroot\advanced\frontend/messages/zh/app.php
    in F:\phpserver\webroot\advanced\source\LsYii.php:461
    in F:\phpserver\webroot\advanced\frontend\controllers\SiteController.php:76
2016-01-08 23:46:01 [::1][-][-][info][application] $_COOKIE = [
    'PHPSESSID' => 'siqtpkt0lnsijo5hanj1kmu0i6'
    '_csrf' => '46db6d554acb24a22c4457422d9bddaf9ffa82de2cf1cc573963cd3f9de438aea:2:{i:0;s:5:\"_csrf\";i:1;s:32:\"-D_3TPLSLTAcDcDypnPQpfCF--KGbPVe\";}'
]

$_SERVER = [
    'HTTP_HOST' => 'localhost'
    'HTTP_CONNECTION' => 'keep-alive'
    'HTTP_CACHE_CONTROL' => 'max-age=0'
    'HTTP_ACCEPT' => 'text/html,application/xhtml+xml,application/xml;q=0.9,image/webp,*/*;q=0.8'
    'HTTP_UPGRADE_INSECURE_REQUESTS' => '1'
    'HTTP_USER_AGENT' => 'Mozilla/5.0 (Windows NT 6.1; WOW64) AppleWebKit/537.36 (KHTML, like Gecko) Chrome/46.0.2490.86 Safari/537.36'
    'HTTP_ACCEPT_ENCODING' => 'gzip, deflate, sdch'
    'HTTP_ACCEPT_LANGUAGE' => 'zh-CN,zh;q=0.8'
    'HTTP_COOKIE' => 'PHPSESSID=siqtpkt0lnsijo5hanj1kmu0i6; _csrf=46db6d554acb24a22c4457422d9bddaf9ffa82de2cf1cc573963cd3f9de438aea%3A2%3A%7Bi%3A0%3Bs%3A5%3A%22_csrf%22%3Bi%3A1%3Bs%3A32%3A%22-D_3TPLSLTAcDcDypnPQpfCF--KGbPVe%22%3B%7D'
    'PATH' => 'C:\\Windows\\system32;C:\\Windows;C:\\Windows\\System32\\Wbem;C:\\Windows\\System32\\WindowsPowerShell\\v1.0\\;D:\\nodejs\\;F:\\phpserver\\apache\\Apache24\\bin;F:\\phpserver\\mysql\\mysql-5.6.24\\bin;F:\\phpserver\\php\\php-5.6.8;D:\\svn\\bin;D:\\wkhtmltox\\wkhtmltopdf\\bin;D:\\netbeans\\Java\\jdk1.8.0_45\\bin;'
    'SystemRoot' => 'C:\\Windows'
    'COMSPEC' => 'C:\\Windows\\system32\\cmd.exe'
    'PATHEXT' => '.COM;.EXE;.BAT;.CMD;.VBS;.VBE;.JS;.JSE;.WSF;.WSH;.MSC'
    'WINDIR' => 'C:\\Windows'
    'SERVER_SIGNATURE' => ''
    'SERVER_SOFTWARE' => 'Apache/2.4.12 (Win64) OpenSSL/1.0.1m mod_fcgid/2.3.9 PHP/5.6.8'
    'SERVER_NAME' => 'localhost'
    'SERVER_ADDR' => '::1'
    'SERVER_PORT' => '80'
    'REMOTE_ADDR' => '::1'
    'DOCUMENT_ROOT' => 'F:/phpserver/webroot'
    'REQUEST_SCHEME' => 'http'
    'CONTEXT_PREFIX' => ''
    'CONTEXT_DOCUMENT_ROOT' => 'F:/phpserver/webroot'
    'SERVER_ADMIN' => 'admin@example.com'
    'SCRIPT_FILENAME' => 'F:/phpserver/webroot/advanced/index.php'
    'REMOTE_PORT' => '52068'
    'GATEWAY_INTERFACE' => 'CGI/1.1'
    'SERVER_PROTOCOL' => 'HTTP/1.1'
    'REQUEST_METHOD' => 'GET'
    'QUERY_STRING' => ''
    'REQUEST_URI' => '/advanced/index.php'
    'SCRIPT_NAME' => '/advanced/index.php'
    'PHP_SELF' => '/advanced/index.php'
    'REQUEST_TIME_FLOAT' => 1452267961.367
    'REQUEST_TIME' => 1452267961
]
2016-01-08 23:46:18 [::1][-][-][error][yii\i18n\PhpMessageSource::loadMessages] The message file for category 'app' does not exist: F:\phpserver\webroot\advanced\frontend/messages/zh-CN/app.php Fallback file does not exist as well: F:\phpserver\webroot\advanced\frontend/messages/zh/app.php
    in F:\phpserver\webroot\advanced\source\LsYii.php:461
    in F:\phpserver\webroot\advanced\frontend\controllers\SiteController.php:76
2016-01-08 23:46:18 [::1][-][-][info][application] $_COOKIE = [
    'PHPSESSID' => 'siqtpkt0lnsijo5hanj1kmu0i6'
    '_csrf' => '46db6d554acb24a22c4457422d9bddaf9ffa82de2cf1cc573963cd3f9de438aea:2:{i:0;s:5:\"_csrf\";i:1;s:32:\"-D_3TPLSLTAcDcDypnPQpfCF--KGbPVe\";}'
]

$_SERVER = [
    'HTTP_HOST' => 'localhost'
    'HTTP_CONNECTION' => 'keep-alive'
    'HTTP_CACHE_CONTROL' => 'max-age=0'
    'HTTP_ACCEPT' => 'text/html,application/xhtml+xml,application/xml;q=0.9,image/webp,*/*;q=0.8'
    'HTTP_UPGRADE_INSECURE_REQUESTS' => '1'
    'HTTP_USER_AGENT' => 'Mozilla/5.0 (Windows NT 6.1; WOW64) AppleWebKit/537.36 (KHTML, like Gecko) Chrome/46.0.2490.86 Safari/537.36'
    'HTTP_ACCEPT_ENCODING' => 'gzip, deflate, sdch'
    'HTTP_ACCEPT_LANGUAGE' => 'zh-CN,zh;q=0.8'
    'HTTP_COOKIE' => 'PHPSESSID=siqtpkt0lnsijo5hanj1kmu0i6; _csrf=46db6d554acb24a22c4457422d9bddaf9ffa82de2cf1cc573963cd3f9de438aea%3A2%3A%7Bi%3A0%3Bs%3A5%3A%22_csrf%22%3Bi%3A1%3Bs%3A32%3A%22-D_3TPLSLTAcDcDypnPQpfCF--KGbPVe%22%3B%7D'
    'PATH' => 'C:\\Windows\\system32;C:\\Windows;C:\\Windows\\System32\\Wbem;C:\\Windows\\System32\\WindowsPowerShell\\v1.0\\;D:\\nodejs\\;F:\\phpserver\\apache\\Apache24\\bin;F:\\phpserver\\mysql\\mysql-5.6.24\\bin;F:\\phpserver\\php\\php-5.6.8;D:\\svn\\bin;D:\\wkhtmltox\\wkhtmltopdf\\bin;D:\\netbeans\\Java\\jdk1.8.0_45\\bin;'
    'SystemRoot' => 'C:\\Windows'
    'COMSPEC' => 'C:\\Windows\\system32\\cmd.exe'
    'PATHEXT' => '.COM;.EXE;.BAT;.CMD;.VBS;.VBE;.JS;.JSE;.WSF;.WSH;.MSC'
    'WINDIR' => 'C:\\Windows'
    'SERVER_SIGNATURE' => ''
    'SERVER_SOFTWARE' => 'Apache/2.4.12 (Win64) OpenSSL/1.0.1m mod_fcgid/2.3.9 PHP/5.6.8'
    'SERVER_NAME' => 'localhost'
    'SERVER_ADDR' => '::1'
    'SERVER_PORT' => '80'
    'REMOTE_ADDR' => '::1'
    'DOCUMENT_ROOT' => 'F:/phpserver/webroot'
    'REQUEST_SCHEME' => 'http'
    'CONTEXT_PREFIX' => ''
    'CONTEXT_DOCUMENT_ROOT' => 'F:/phpserver/webroot'
    'SERVER_ADMIN' => 'admin@example.com'
    'SCRIPT_FILENAME' => 'F:/phpserver/webroot/advanced/index.php'
    'REMOTE_PORT' => '52072'
    'GATEWAY_INTERFACE' => 'CGI/1.1'
    'SERVER_PROTOCOL' => 'HTTP/1.1'
    'REQUEST_METHOD' => 'GET'
    'QUERY_STRING' => ''
    'REQUEST_URI' => '/advanced/index.php'
    'SCRIPT_NAME' => '/advanced/index.php'
    'PHP_SELF' => '/advanced/index.php'
    'REQUEST_TIME_FLOAT' => 1452267978.361
    'REQUEST_TIME' => 1452267978
]
2016-01-08 23:46:42 [::1][-][-][error][yii\i18n\PhpMessageSource::loadMessages] The message file for category 'app' does not exist: F:\phpserver\webroot\advanced\frontend/messages/zh-CN/app.php Fallback file does not exist as well: F:\phpserver\webroot\advanced\frontend/messages/zh/app.php
    in F:\phpserver\webroot\advanced\source\LsYii.php:461
    in F:\phpserver\webroot\advanced\frontend\controllers\SiteController.php:76
2016-01-08 23:46:42 [::1][-][-][info][application] $_COOKIE = [
    'PHPSESSID' => 'siqtpkt0lnsijo5hanj1kmu0i6'
    '_csrf' => '46db6d554acb24a22c4457422d9bddaf9ffa82de2cf1cc573963cd3f9de438aea:2:{i:0;s:5:\"_csrf\";i:1;s:32:\"-D_3TPLSLTAcDcDypnPQpfCF--KGbPVe\";}'
]

$_SERVER = [
    'HTTP_HOST' => 'localhost'
    'HTTP_CONNECTION' => 'keep-alive'
    'HTTP_CACHE_CONTROL' => 'max-age=0'
    'HTTP_ACCEPT' => 'text/html,application/xhtml+xml,application/xml;q=0.9,image/webp,*/*;q=0.8'
    'HTTP_UPGRADE_INSECURE_REQUESTS' => '1'
    'HTTP_USER_AGENT' => 'Mozilla/5.0 (Windows NT 6.1; WOW64) AppleWebKit/537.36 (KHTML, like Gecko) Chrome/46.0.2490.86 Safari/537.36'
    'HTTP_ACCEPT_ENCODING' => 'gzip, deflate, sdch'
    'HTTP_ACCEPT_LANGUAGE' => 'zh-CN,zh;q=0.8'
    'HTTP_COOKIE' => 'PHPSESSID=siqtpkt0lnsijo5hanj1kmu0i6; _csrf=46db6d554acb24a22c4457422d9bddaf9ffa82de2cf1cc573963cd3f9de438aea%3A2%3A%7Bi%3A0%3Bs%3A5%3A%22_csrf%22%3Bi%3A1%3Bs%3A32%3A%22-D_3TPLSLTAcDcDypnPQpfCF--KGbPVe%22%3B%7D'
    'PATH' => 'C:\\Windows\\system32;C:\\Windows;C:\\Windows\\System32\\Wbem;C:\\Windows\\System32\\WindowsPowerShell\\v1.0\\;D:\\nodejs\\;F:\\phpserver\\apache\\Apache24\\bin;F:\\phpserver\\mysql\\mysql-5.6.24\\bin;F:\\phpserver\\php\\php-5.6.8;D:\\svn\\bin;D:\\wkhtmltox\\wkhtmltopdf\\bin;D:\\netbeans\\Java\\jdk1.8.0_45\\bin;'
    'SystemRoot' => 'C:\\Windows'
    'COMSPEC' => 'C:\\Windows\\system32\\cmd.exe'
    'PATHEXT' => '.COM;.EXE;.BAT;.CMD;.VBS;.VBE;.JS;.JSE;.WSF;.WSH;.MSC'
    'WINDIR' => 'C:\\Windows'
    'SERVER_SIGNATURE' => ''
    'SERVER_SOFTWARE' => 'Apache/2.4.12 (Win64) OpenSSL/1.0.1m mod_fcgid/2.3.9 PHP/5.6.8'
    'SERVER_NAME' => 'localhost'
    'SERVER_ADDR' => '::1'
    'SERVER_PORT' => '80'
    'REMOTE_ADDR' => '::1'
    'DOCUMENT_ROOT' => 'F:/phpserver/webroot'
    'REQUEST_SCHEME' => 'http'
    'CONTEXT_PREFIX' => ''
    'CONTEXT_DOCUMENT_ROOT' => 'F:/phpserver/webroot'
    'SERVER_ADMIN' => 'admin@example.com'
    'SCRIPT_FILENAME' => 'F:/phpserver/webroot/advanced/index.php'
    'REMOTE_PORT' => '52075'
    'GATEWAY_INTERFACE' => 'CGI/1.1'
    'SERVER_PROTOCOL' => 'HTTP/1.1'
    'REQUEST_METHOD' => 'GET'
    'QUERY_STRING' => ''
    'REQUEST_URI' => '/advanced/index.php'
    'SCRIPT_NAME' => '/advanced/index.php'
    'PHP_SELF' => '/advanced/index.php'
    'REQUEST_TIME_FLOAT' => 1452268002.703
    'REQUEST_TIME' => 1452268002
]
2016-01-08 23:47:40 [::1][-][-][error][yii\i18n\PhpMessageSource::loadMessages] The message file for category 'app' does not exist: F:\phpserver\webroot\advanced\frontend/messages/zh-CN/app.php Fallback file does not exist as well: F:\phpserver\webroot\advanced\frontend/messages/zh/app.php
    in F:\phpserver\webroot\advanced\source\LsYii.php:461
    in F:\phpserver\webroot\advanced\frontend\controllers\SiteController.php:76
2016-01-08 23:47:40 [::1][-][-][info][application] $_COOKIE = [
    'PHPSESSID' => 'siqtpkt0lnsijo5hanj1kmu0i6'
    '_csrf' => '46db6d554acb24a22c4457422d9bddaf9ffa82de2cf1cc573963cd3f9de438aea:2:{i:0;s:5:\"_csrf\";i:1;s:32:\"-D_3TPLSLTAcDcDypnPQpfCF--KGbPVe\";}'
]

$_SERVER = [
    'HTTP_HOST' => 'localhost'
    'HTTP_CONNECTION' => 'keep-alive'
    'HTTP_CACHE_CONTROL' => 'max-age=0'
    'HTTP_ACCEPT' => 'text/html,application/xhtml+xml,application/xml;q=0.9,image/webp,*/*;q=0.8'
    'HTTP_UPGRADE_INSECURE_REQUESTS' => '1'
    'HTTP_USER_AGENT' => 'Mozilla/5.0 (Windows NT 6.1; WOW64) AppleWebKit/537.36 (KHTML, like Gecko) Chrome/46.0.2490.86 Safari/537.36'
    'HTTP_ACCEPT_ENCODING' => 'gzip, deflate, sdch'
    'HTTP_ACCEPT_LANGUAGE' => 'zh-CN,zh;q=0.8'
    'HTTP_COOKIE' => 'PHPSESSID=siqtpkt0lnsijo5hanj1kmu0i6; _csrf=46db6d554acb24a22c4457422d9bddaf9ffa82de2cf1cc573963cd3f9de438aea%3A2%3A%7Bi%3A0%3Bs%3A5%3A%22_csrf%22%3Bi%3A1%3Bs%3A32%3A%22-D_3TPLSLTAcDcDypnPQpfCF--KGbPVe%22%3B%7D'
    'PATH' => 'C:\\Windows\\system32;C:\\Windows;C:\\Windows\\System32\\Wbem;C:\\Windows\\System32\\WindowsPowerShell\\v1.0\\;D:\\nodejs\\;F:\\phpserver\\apache\\Apache24\\bin;F:\\phpserver\\mysql\\mysql-5.6.24\\bin;F:\\phpserver\\php\\php-5.6.8;D:\\svn\\bin;D:\\wkhtmltox\\wkhtmltopdf\\bin;D:\\netbeans\\Java\\jdk1.8.0_45\\bin;'
    'SystemRoot' => 'C:\\Windows'
    'COMSPEC' => 'C:\\Windows\\system32\\cmd.exe'
    'PATHEXT' => '.COM;.EXE;.BAT;.CMD;.VBS;.VBE;.JS;.JSE;.WSF;.WSH;.MSC'
    'WINDIR' => 'C:\\Windows'
    'SERVER_SIGNATURE' => ''
    'SERVER_SOFTWARE' => 'Apache/2.4.12 (Win64) OpenSSL/1.0.1m mod_fcgid/2.3.9 PHP/5.6.8'
    'SERVER_NAME' => 'localhost'
    'SERVER_ADDR' => '::1'
    'SERVER_PORT' => '80'
    'REMOTE_ADDR' => '::1'
    'DOCUMENT_ROOT' => 'F:/phpserver/webroot'
    'REQUEST_SCHEME' => 'http'
    'CONTEXT_PREFIX' => ''
    'CONTEXT_DOCUMENT_ROOT' => 'F:/phpserver/webroot'
    'SERVER_ADMIN' => 'admin@example.com'
    'SCRIPT_FILENAME' => 'F:/phpserver/webroot/advanced/index.php'
    'REMOTE_PORT' => '52185'
    'GATEWAY_INTERFACE' => 'CGI/1.1'
    'SERVER_PROTOCOL' => 'HTTP/1.1'
    'REQUEST_METHOD' => 'GET'
    'QUERY_STRING' => ''
    'REQUEST_URI' => '/advanced/index.php'
    'SCRIPT_NAME' => '/advanced/index.php'
    'PHP_SELF' => '/advanced/index.php'
    'REQUEST_TIME_FLOAT' => 1452268060.574
    'REQUEST_TIME' => 1452268060
]
2016-01-08 23:47:41 [::1][-][-][error][yii\i18n\PhpMessageSource::loadMessages] The message file for category 'app' does not exist: F:\phpserver\webroot\advanced\frontend/messages/zh-CN/app.php Fallback file does not exist as well: F:\phpserver\webroot\advanced\frontend/messages/zh/app.php
    in F:\phpserver\webroot\advanced\source\LsYii.php:461
    in F:\phpserver\webroot\advanced\frontend\controllers\SiteController.php:76
2016-01-08 23:47:41 [::1][-][-][info][application] $_COOKIE = [
    'PHPSESSID' => 'siqtpkt0lnsijo5hanj1kmu0i6'
    '_csrf' => '46db6d554acb24a22c4457422d9bddaf9ffa82de2cf1cc573963cd3f9de438aea:2:{i:0;s:5:\"_csrf\";i:1;s:32:\"-D_3TPLSLTAcDcDypnPQpfCF--KGbPVe\";}'
]

$_SERVER = [
    'HTTP_HOST' => 'localhost'
    'HTTP_CONNECTION' => 'keep-alive'
    'HTTP_CACHE_CONTROL' => 'max-age=0'
    'HTTP_ACCEPT' => 'text/html,application/xhtml+xml,application/xml;q=0.9,image/webp,*/*;q=0.8'
    'HTTP_UPGRADE_INSECURE_REQUESTS' => '1'
    'HTTP_USER_AGENT' => 'Mozilla/5.0 (Windows NT 6.1; WOW64) AppleWebKit/537.36 (KHTML, like Gecko) Chrome/46.0.2490.86 Safari/537.36'
    'HTTP_ACCEPT_ENCODING' => 'gzip, deflate, sdch'
    'HTTP_ACCEPT_LANGUAGE' => 'zh-CN,zh;q=0.8'
    'HTTP_COOKIE' => 'PHPSESSID=siqtpkt0lnsijo5hanj1kmu0i6; _csrf=46db6d554acb24a22c4457422d9bddaf9ffa82de2cf1cc573963cd3f9de438aea%3A2%3A%7Bi%3A0%3Bs%3A5%3A%22_csrf%22%3Bi%3A1%3Bs%3A32%3A%22-D_3TPLSLTAcDcDypnPQpfCF--KGbPVe%22%3B%7D'
    'PATH' => 'C:\\Windows\\system32;C:\\Windows;C:\\Windows\\System32\\Wbem;C:\\Windows\\System32\\WindowsPowerShell\\v1.0\\;D:\\nodejs\\;F:\\phpserver\\apache\\Apache24\\bin;F:\\phpserver\\mysql\\mysql-5.6.24\\bin;F:\\phpserver\\php\\php-5.6.8;D:\\svn\\bin;D:\\wkhtmltox\\wkhtmltopdf\\bin;D:\\netbeans\\Java\\jdk1.8.0_45\\bin;'
    'SystemRoot' => 'C:\\Windows'
    'COMSPEC' => 'C:\\Windows\\system32\\cmd.exe'
    'PATHEXT' => '.COM;.EXE;.BAT;.CMD;.VBS;.VBE;.JS;.JSE;.WSF;.WSH;.MSC'
    'WINDIR' => 'C:\\Windows'
    'SERVER_SIGNATURE' => ''
    'SERVER_SOFTWARE' => 'Apache/2.4.12 (Win64) OpenSSL/1.0.1m mod_fcgid/2.3.9 PHP/5.6.8'
    'SERVER_NAME' => 'localhost'
    'SERVER_ADDR' => '::1'
    'SERVER_PORT' => '80'
    'REMOTE_ADDR' => '::1'
    'DOCUMENT_ROOT' => 'F:/phpserver/webroot'
    'REQUEST_SCHEME' => 'http'
    'CONTEXT_PREFIX' => ''
    'CONTEXT_DOCUMENT_ROOT' => 'F:/phpserver/webroot'
    'SERVER_ADMIN' => 'admin@example.com'
    'SCRIPT_FILENAME' => 'F:/phpserver/webroot/advanced/index.php'
    'REMOTE_PORT' => '52185'
    'GATEWAY_INTERFACE' => 'CGI/1.1'
    'SERVER_PROTOCOL' => 'HTTP/1.1'
    'REQUEST_METHOD' => 'GET'
    'QUERY_STRING' => ''
    'REQUEST_URI' => '/advanced/index.php'
    'SCRIPT_NAME' => '/advanced/index.php'
    'PHP_SELF' => '/advanced/index.php'
    'REQUEST_TIME_FLOAT' => 1452268061.652
    'REQUEST_TIME' => 1452268061
]
2016-01-08 23:48:11 [::1][-][-][error][yii\i18n\PhpMessageSource::loadMessages] The message file for category 'app' does not exist: F:\phpserver\webroot\advanced\frontend/messages/zh-CN/app.php Fallback file does not exist as well: F:\phpserver\webroot\advanced\frontend/messages/zh/app.php
    in F:\phpserver\webroot\advanced\source\LsYii.php:461
    in F:\phpserver\webroot\advanced\frontend\controllers\SiteController.php:76
2016-01-08 23:48:11 [::1][-][-][info][application] $_COOKIE = [
    'PHPSESSID' => 'siqtpkt0lnsijo5hanj1kmu0i6'
    '_csrf' => '46db6d554acb24a22c4457422d9bddaf9ffa82de2cf1cc573963cd3f9de438aea:2:{i:0;s:5:\"_csrf\";i:1;s:32:\"-D_3TPLSLTAcDcDypnPQpfCF--KGbPVe\";}'
]

$_SERVER = [
    'HTTP_HOST' => 'localhost'
    'HTTP_CONNECTION' => 'keep-alive'
    'HTTP_CACHE_CONTROL' => 'max-age=0'
    'HTTP_ACCEPT' => 'text/html,application/xhtml+xml,application/xml;q=0.9,image/webp,*/*;q=0.8'
    'HTTP_UPGRADE_INSECURE_REQUESTS' => '1'
    'HTTP_USER_AGENT' => 'Mozilla/5.0 (Windows NT 6.1; WOW64) AppleWebKit/537.36 (KHTML, like Gecko) Chrome/46.0.2490.86 Safari/537.36'
    'HTTP_ACCEPT_ENCODING' => 'gzip, deflate, sdch'
    'HTTP_ACCEPT_LANGUAGE' => 'zh-CN,zh;q=0.8'
    'HTTP_COOKIE' => 'PHPSESSID=siqtpkt0lnsijo5hanj1kmu0i6; _csrf=46db6d554acb24a22c4457422d9bddaf9ffa82de2cf1cc573963cd3f9de438aea%3A2%3A%7Bi%3A0%3Bs%3A5%3A%22_csrf%22%3Bi%3A1%3Bs%3A32%3A%22-D_3TPLSLTAcDcDypnPQpfCF--KGbPVe%22%3B%7D'
    'PATH' => 'C:\\Windows\\system32;C:\\Windows;C:\\Windows\\System32\\Wbem;C:\\Windows\\System32\\WindowsPowerShell\\v1.0\\;D:\\nodejs\\;F:\\phpserver\\apache\\Apache24\\bin;F:\\phpserver\\mysql\\mysql-5.6.24\\bin;F:\\phpserver\\php\\php-5.6.8;D:\\svn\\bin;D:\\wkhtmltox\\wkhtmltopdf\\bin;D:\\netbeans\\Java\\jdk1.8.0_45\\bin;'
    'SystemRoot' => 'C:\\Windows'
    'COMSPEC' => 'C:\\Windows\\system32\\cmd.exe'
    'PATHEXT' => '.COM;.EXE;.BAT;.CMD;.VBS;.VBE;.JS;.JSE;.WSF;.WSH;.MSC'
    'WINDIR' => 'C:\\Windows'
    'SERVER_SIGNATURE' => ''
    'SERVER_SOFTWARE' => 'Apache/2.4.12 (Win64) OpenSSL/1.0.1m mod_fcgid/2.3.9 PHP/5.6.8'
    'SERVER_NAME' => 'localhost'
    'SERVER_ADDR' => '::1'
    'SERVER_PORT' => '80'
    'REMOTE_ADDR' => '::1'
    'DOCUMENT_ROOT' => 'F:/phpserver/webroot'
    'REQUEST_SCHEME' => 'http'
    'CONTEXT_PREFIX' => ''
    'CONTEXT_DOCUMENT_ROOT' => 'F:/phpserver/webroot'
    'SERVER_ADMIN' => 'admin@example.com'
    'SCRIPT_FILENAME' => 'F:/phpserver/webroot/advanced/index.php'
    'REMOTE_PORT' => '52187'
    'GATEWAY_INTERFACE' => 'CGI/1.1'
    'SERVER_PROTOCOL' => 'HTTP/1.1'
    'REQUEST_METHOD' => 'GET'
    'QUERY_STRING' => ''
    'REQUEST_URI' => '/advanced/index.php'
    'SCRIPT_NAME' => '/advanced/index.php'
    'PHP_SELF' => '/advanced/index.php'
    'REQUEST_TIME_FLOAT' => 1452268091.552
    'REQUEST_TIME' => 1452268091
]
2016-01-09 00:04:06 [::1][-][-][error][yii\i18n\PhpMessageSource::loadMessages] The message file for category 'app' does not exist: F:\phpserver\webroot\advanced\common//zh-CN/app.php Fallback file does not exist as well: F:\phpserver\webroot\advanced\common//zh/app.php
    in F:\phpserver\webroot\advanced\source\LsYii.php:461
    in F:\phpserver\webroot\advanced\frontend\controllers\SiteController.php:75
2016-01-09 00:04:06 [::1][-][-][info][application] $_COOKIE = [
    'PHPSESSID' => 'siqtpkt0lnsijo5hanj1kmu0i6'
    '_csrf' => 'a74ddc0a9b94136395eab7bf87561bf4aba9ac419851c3f45421b0400787ec44a:2:{i:0;s:5:\"_csrf\";i:1;s:32:\"zwvRtiwJDlc5W7BC4f5GLhhkpkDln1kW\";}'
]

$_SERVER = [
    'HTTP_HOST' => 'localhost'
    'HTTP_CONNECTION' => 'keep-alive'
    'HTTP_ACCEPT' => 'text/html,application/xhtml+xml,application/xml;q=0.9,image/webp,*/*;q=0.8'
    'HTTP_UPGRADE_INSECURE_REQUESTS' => '1'
    'HTTP_USER_AGENT' => 'Mozilla/5.0 (Windows NT 6.1; WOW64) AppleWebKit/537.36 (KHTML, like Gecko) Chrome/46.0.2490.86 Safari/537.36'
    'HTTP_ACCEPT_ENCODING' => 'gzip, deflate, sdch'
    'HTTP_ACCEPT_LANGUAGE' => 'zh-CN,zh;q=0.8'
    'HTTP_COOKIE' => 'PHPSESSID=siqtpkt0lnsijo5hanj1kmu0i6; _csrf=a74ddc0a9b94136395eab7bf87561bf4aba9ac419851c3f45421b0400787ec44a%3A2%3A%7Bi%3A0%3Bs%3A5%3A%22_csrf%22%3Bi%3A1%3Bs%3A32%3A%22zwvRtiwJDlc5W7BC4f5GLhhkpkDln1kW%22%3B%7D'
    'PATH' => 'C:\\Windows\\system32;C:\\Windows;C:\\Windows\\System32\\Wbem;C:\\Windows\\System32\\WindowsPowerShell\\v1.0\\;D:\\nodejs\\;F:\\phpserver\\apache\\Apache24\\bin;F:\\phpserver\\mysql\\mysql-5.6.24\\bin;F:\\phpserver\\php\\php-5.6.8;D:\\svn\\bin;D:\\wkhtmltox\\wkhtmltopdf\\bin;D:\\netbeans\\Java\\jdk1.8.0_45\\bin;'
    'SystemRoot' => 'C:\\Windows'
    'COMSPEC' => 'C:\\Windows\\system32\\cmd.exe'
    'PATHEXT' => '.COM;.EXE;.BAT;.CMD;.VBS;.VBE;.JS;.JSE;.WSF;.WSH;.MSC'
    'WINDIR' => 'C:\\Windows'
    'SERVER_SIGNATURE' => ''
    'SERVER_SOFTWARE' => 'Apache/2.4.12 (Win64) OpenSSL/1.0.1m mod_fcgid/2.3.9 PHP/5.6.8'
    'SERVER_NAME' => 'localhost'
    'SERVER_ADDR' => '::1'
    'SERVER_PORT' => '80'
    'REMOTE_ADDR' => '::1'
    'DOCUMENT_ROOT' => 'F:/phpserver/webroot'
    'REQUEST_SCHEME' => 'http'
    'CONTEXT_PREFIX' => ''
    'CONTEXT_DOCUMENT_ROOT' => 'F:/phpserver/webroot'
    'SERVER_ADMIN' => 'admin@example.com'
    'SCRIPT_FILENAME' => 'F:/phpserver/webroot/advanced/index.php'
    'REMOTE_PORT' => '52336'
    'GATEWAY_INTERFACE' => 'CGI/1.1'
    'SERVER_PROTOCOL' => 'HTTP/1.1'
    'REQUEST_METHOD' => 'GET'
    'QUERY_STRING' => ''
    'REQUEST_URI' => '/advanced/index.php'
    'SCRIPT_NAME' => '/advanced/index.php'
    'PHP_SELF' => '/advanced/index.php'
    'REQUEST_TIME_FLOAT' => 1452269046.381
    'REQUEST_TIME' => 1452269046
]
2016-01-09 00:04:31 [::1][-][-][error][yii\i18n\PhpMessageSource::loadMessages] The message file for category 'app' does not exist: F:\phpserver\webroot\advanced\common//zh-CN/app.php Fallback file does not exist as well: F:\phpserver\webroot\advanced\common//zh/app.php
    in F:\phpserver\webroot\advanced\source\LsYii.php:461
    in F:\phpserver\webroot\advanced\frontend\controllers\SiteController.php:76
2016-01-09 00:04:31 [::1][-][-][info][application] $_COOKIE = [
    'PHPSESSID' => 'siqtpkt0lnsijo5hanj1kmu0i6'
    '_csrf' => 'a74ddc0a9b94136395eab7bf87561bf4aba9ac419851c3f45421b0400787ec44a:2:{i:0;s:5:\"_csrf\";i:1;s:32:\"zwvRtiwJDlc5W7BC4f5GLhhkpkDln1kW\";}'
]

$_SERVER = [
    'HTTP_HOST' => 'localhost'
    'HTTP_CONNECTION' => 'keep-alive'
    'HTTP_CACHE_CONTROL' => 'max-age=0'
    'HTTP_ACCEPT' => 'text/html,application/xhtml+xml,application/xml;q=0.9,image/webp,*/*;q=0.8'
    'HTTP_UPGRADE_INSECURE_REQUESTS' => '1'
    'HTTP_USER_AGENT' => 'Mozilla/5.0 (Windows NT 6.1; WOW64) AppleWebKit/537.36 (KHTML, like Gecko) Chrome/46.0.2490.86 Safari/537.36'
    'HTTP_ACCEPT_ENCODING' => 'gzip, deflate, sdch'
    'HTTP_ACCEPT_LANGUAGE' => 'zh-CN,zh;q=0.8'
    'HTTP_COOKIE' => 'PHPSESSID=siqtpkt0lnsijo5hanj1kmu0i6; _csrf=a74ddc0a9b94136395eab7bf87561bf4aba9ac419851c3f45421b0400787ec44a%3A2%3A%7Bi%3A0%3Bs%3A5%3A%22_csrf%22%3Bi%3A1%3Bs%3A32%3A%22zwvRtiwJDlc5W7BC4f5GLhhkpkDln1kW%22%3B%7D'
    'PATH' => 'C:\\Windows\\system32;C:\\Windows;C:\\Windows\\System32\\Wbem;C:\\Windows\\System32\\WindowsPowerShell\\v1.0\\;D:\\nodejs\\;F:\\phpserver\\apache\\Apache24\\bin;F:\\phpserver\\mysql\\mysql-5.6.24\\bin;F:\\phpserver\\php\\php-5.6.8;D:\\svn\\bin;D:\\wkhtmltox\\wkhtmltopdf\\bin;D:\\netbeans\\Java\\jdk1.8.0_45\\bin;'
    'SystemRoot' => 'C:\\Windows'
    'COMSPEC' => 'C:\\Windows\\system32\\cmd.exe'
    'PATHEXT' => '.COM;.EXE;.BAT;.CMD;.VBS;.VBE;.JS;.JSE;.WSF;.WSH;.MSC'
    'WINDIR' => 'C:\\Windows'
    'SERVER_SIGNATURE' => ''
    'SERVER_SOFTWARE' => 'Apache/2.4.12 (Win64) OpenSSL/1.0.1m mod_fcgid/2.3.9 PHP/5.6.8'
    'SERVER_NAME' => 'localhost'
    'SERVER_ADDR' => '::1'
    'SERVER_PORT' => '80'
    'REMOTE_ADDR' => '::1'
    'DOCUMENT_ROOT' => 'F:/phpserver/webroot'
    'REQUEST_SCHEME' => 'http'
    'CONTEXT_PREFIX' => ''
    'CONTEXT_DOCUMENT_ROOT' => 'F:/phpserver/webroot'
    'SERVER_ADMIN' => 'admin@example.com'
    'SCRIPT_FILENAME' => 'F:/phpserver/webroot/advanced/index.php'
    'REMOTE_PORT' => '52345'
    'GATEWAY_INTERFACE' => 'CGI/1.1'
    'SERVER_PROTOCOL' => 'HTTP/1.1'
    'REQUEST_METHOD' => 'GET'
    'QUERY_STRING' => ''
    'REQUEST_URI' => '/advanced/index.php'
    'SCRIPT_NAME' => '/advanced/index.php'
    'PHP_SELF' => '/advanced/index.php'
    'REQUEST_TIME_FLOAT' => 1452269071.298
    'REQUEST_TIME' => 1452269071
]
2016-01-09 00:05:42 [::1][-][-][error][yii\i18n\PhpMessageSource::loadMessages] The message file for category 'app' does not exist: F:\phpserver\webroot\advanced\common//zh-CN/app.php Fallback file does not exist as well: F:\phpserver\webroot\advanced\common//zh/app.php
    in F:\phpserver\webroot\advanced\frontend\controllers\SiteController.php:77
2016-01-09 00:05:42 [::1][-][-][info][application] $_COOKIE = [
    'PHPSESSID' => 'siqtpkt0lnsijo5hanj1kmu0i6'
    '_csrf' => 'a74ddc0a9b94136395eab7bf87561bf4aba9ac419851c3f45421b0400787ec44a:2:{i:0;s:5:\"_csrf\";i:1;s:32:\"zwvRtiwJDlc5W7BC4f5GLhhkpkDln1kW\";}'
]

$_SESSION = [
    '__flash' => []
    '__returnUrl' => '/advanced/admin.php'
    '__captcha/site/captcha' => 'exsecoz'
    '__captcha/site/captchacount' => 1
]

$_SERVER = [
    'HTTP_HOST' => 'localhost'
    'HTTP_CONNECTION' => 'keep-alive'
    'HTTP_CACHE_CONTROL' => 'max-age=0'
    'HTTP_ACCEPT' => 'text/html,application/xhtml+xml,application/xml;q=0.9,image/webp,*/*;q=0.8'
    'HTTP_UPGRADE_INSECURE_REQUESTS' => '1'
    'HTTP_USER_AGENT' => 'Mozilla/5.0 (Windows NT 6.1; WOW64) AppleWebKit/537.36 (KHTML, like Gecko) Chrome/46.0.2490.86 Safari/537.36'
    'HTTP_ACCEPT_ENCODING' => 'gzip, deflate, sdch'
    'HTTP_ACCEPT_LANGUAGE' => 'zh-CN,zh;q=0.8'
    'HTTP_COOKIE' => 'PHPSESSID=siqtpkt0lnsijo5hanj1kmu0i6; _csrf=a74ddc0a9b94136395eab7bf87561bf4aba9ac419851c3f45421b0400787ec44a%3A2%3A%7Bi%3A0%3Bs%3A5%3A%22_csrf%22%3Bi%3A1%3Bs%3A32%3A%22zwvRtiwJDlc5W7BC4f5GLhhkpkDln1kW%22%3B%7D'
    'PATH' => 'C:\\Windows\\system32;C:\\Windows;C:\\Windows\\System32\\Wbem;C:\\Windows\\System32\\WindowsPowerShell\\v1.0\\;D:\\nodejs\\;F:\\phpserver\\apache\\Apache24\\bin;F:\\phpserver\\mysql\\mysql-5.6.24\\bin;F:\\phpserver\\php\\php-5.6.8;D:\\svn\\bin;D:\\wkhtmltox\\wkhtmltopdf\\bin;D:\\netbeans\\Java\\jdk1.8.0_45\\bin;'
    'SystemRoot' => 'C:\\Windows'
    'COMSPEC' => 'C:\\Windows\\system32\\cmd.exe'
    'PATHEXT' => '.COM;.EXE;.BAT;.CMD;.VBS;.VBE;.JS;.JSE;.WSF;.WSH;.MSC'
    'WINDIR' => 'C:\\Windows'
    'SERVER_SIGNATURE' => ''
    'SERVER_SOFTWARE' => 'Apache/2.4.12 (Win64) OpenSSL/1.0.1m mod_fcgid/2.3.9 PHP/5.6.8'
    'SERVER_NAME' => 'localhost'
    'SERVER_ADDR' => '::1'
    'SERVER_PORT' => '80'
    'REMOTE_ADDR' => '::1'
    'DOCUMENT_ROOT' => 'F:/phpserver/webroot'
    'REQUEST_SCHEME' => 'http'
    'CONTEXT_PREFIX' => ''
    'CONTEXT_DOCUMENT_ROOT' => 'F:/phpserver/webroot'
    'SERVER_ADMIN' => 'admin@example.com'
    'SCRIPT_FILENAME' => 'F:/phpserver/webroot/advanced/index.php'
    'REMOTE_PORT' => '52349'
    'GATEWAY_INTERFACE' => 'CGI/1.1'
    'SERVER_PROTOCOL' => 'HTTP/1.1'
    'REQUEST_METHOD' => 'GET'
    'QUERY_STRING' => ''
    'REQUEST_URI' => '/advanced/index.php'
    'SCRIPT_NAME' => '/advanced/index.php'
    'PHP_SELF' => '/advanced/index.php'
    'REQUEST_TIME_FLOAT' => 1452269142.277
    'REQUEST_TIME' => 1452269142
]
2016-01-09 00:05:49 [::1][-][-][error][yii\i18n\PhpMessageSource::loadMessages] The message file for category 'app' does not exist: F:\phpserver\webroot\advanced\common//zh-CN/app.php Fallback file does not exist as well: F:\phpserver\webroot\advanced\common//zh/app.php
    in F:\phpserver\webroot\advanced\frontend\controllers\SiteController.php:77
2016-01-09 00:05:49 [::1][-][-][info][application] $_COOKIE = [
    'PHPSESSID' => 'siqtpkt0lnsijo5hanj1kmu0i6'
    '_csrf' => '187ac06c70034462c5d699fc8e3914ee11fa1b906bac479a2972b9d1ad1d22e4a:2:{i:0;s:5:\"_csrf\";i:1;s:32:\"nuqEwDl9E3hghYl7n0HK5csX8UOQl1WM\";}'
]

$_SERVER = [
    'HTTP_HOST' => 'localhost'
    'HTTP_CONNECTION' => 'keep-alive'
    'HTTP_CACHE_CONTROL' => 'max-age=0'
    'HTTP_ACCEPT' => 'text/html,application/xhtml+xml,application/xml;q=0.9,image/webp,*/*;q=0.8'
    'HTTP_UPGRADE_INSECURE_REQUESTS' => '1'
    'HTTP_USER_AGENT' => 'Mozilla/5.0 (Windows NT 6.1; WOW64) AppleWebKit/537.36 (KHTML, like Gecko) Chrome/46.0.2490.86 Safari/537.36'
    'HTTP_ACCEPT_ENCODING' => 'gzip, deflate, sdch'
    'HTTP_ACCEPT_LANGUAGE' => 'zh-CN,zh;q=0.8'
    'HTTP_COOKIE' => 'PHPSESSID=siqtpkt0lnsijo5hanj1kmu0i6; _csrf=187ac06c70034462c5d699fc8e3914ee11fa1b906bac479a2972b9d1ad1d22e4a%3A2%3A%7Bi%3A0%3Bs%3A5%3A%22_csrf%22%3Bi%3A1%3Bs%3A32%3A%22nuqEwDl9E3hghYl7n0HK5csX8UOQl1WM%22%3B%7D'
    'PATH' => 'C:\\Windows\\system32;C:\\Windows;C:\\Windows\\System32\\Wbem;C:\\Windows\\System32\\WindowsPowerShell\\v1.0\\;D:\\nodejs\\;F:\\phpserver\\apache\\Apache24\\bin;F:\\phpserver\\mysql\\mysql-5.6.24\\bin;F:\\phpserver\\php\\php-5.6.8;D:\\svn\\bin;D:\\wkhtmltox\\wkhtmltopdf\\bin;D:\\netbeans\\Java\\jdk1.8.0_45\\bin;'
    'SystemRoot' => 'C:\\Windows'
    'COMSPEC' => 'C:\\Windows\\system32\\cmd.exe'
    'PATHEXT' => '.COM;.EXE;.BAT;.CMD;.VBS;.VBE;.JS;.JSE;.WSF;.WSH;.MSC'
    'WINDIR' => 'C:\\Windows'
    'SERVER_SIGNATURE' => ''
    'SERVER_SOFTWARE' => 'Apache/2.4.12 (Win64) OpenSSL/1.0.1m mod_fcgid/2.3.9 PHP/5.6.8'
    'SERVER_NAME' => 'localhost'
    'SERVER_ADDR' => '::1'
    'SERVER_PORT' => '80'
    'REMOTE_ADDR' => '::1'
    'DOCUMENT_ROOT' => 'F:/phpserver/webroot'
    'REQUEST_SCHEME' => 'http'
    'CONTEXT_PREFIX' => ''
    'CONTEXT_DOCUMENT_ROOT' => 'F:/phpserver/webroot'
    'SERVER_ADMIN' => 'admin@example.com'
    'SCRIPT_FILENAME' => 'F:/phpserver/webroot/advanced/index.php'
    'REMOTE_PORT' => '52353'
    'GATEWAY_INTERFACE' => 'CGI/1.1'
    'SERVER_PROTOCOL' => 'HTTP/1.1'
    'REQUEST_METHOD' => 'GET'
    'QUERY_STRING' => ''
    'REQUEST_URI' => '/advanced/index.php'
    'SCRIPT_NAME' => '/advanced/index.php'
    'PHP_SELF' => '/advanced/index.php'
    'REQUEST_TIME_FLOAT' => 1452269149.625
    'REQUEST_TIME' => 1452269149
]
2016-01-09 00:07:01 [::1][-][-][error][yii\i18n\PhpMessageSource::loadMessages] The message file for category 'app' does not exist: F:\phpserver\webroot\advanced\common//zh-CN/app.php Fallback file does not exist as well: F:\phpserver\webroot\advanced\common//zh/app.php
    in F:\phpserver\webroot\advanced\frontend\controllers\SiteController.php:77
2016-01-09 00:07:01 [::1][-][-][info][application] $_COOKIE = [
    'PHPSESSID' => 'siqtpkt0lnsijo5hanj1kmu0i6'
    '_csrf' => '187ac06c70034462c5d699fc8e3914ee11fa1b906bac479a2972b9d1ad1d22e4a:2:{i:0;s:5:\"_csrf\";i:1;s:32:\"nuqEwDl9E3hghYl7n0HK5csX8UOQl1WM\";}'
]

$_SERVER = [
    'HTTP_HOST' => 'localhost'
    'HTTP_CONNECTION' => 'keep-alive'
    'HTTP_CACHE_CONTROL' => 'max-age=0'
    'HTTP_ACCEPT' => 'text/html,application/xhtml+xml,application/xml;q=0.9,image/webp,*/*;q=0.8'
    'HTTP_UPGRADE_INSECURE_REQUESTS' => '1'
    'HTTP_USER_AGENT' => 'Mozilla/5.0 (Windows NT 6.1; WOW64) AppleWebKit/537.36 (KHTML, like Gecko) Chrome/46.0.2490.86 Safari/537.36'
    'HTTP_ACCEPT_ENCODING' => 'gzip, deflate, sdch'
    'HTTP_ACCEPT_LANGUAGE' => 'zh-CN,zh;q=0.8'
    'HTTP_COOKIE' => 'PHPSESSID=siqtpkt0lnsijo5hanj1kmu0i6; _csrf=187ac06c70034462c5d699fc8e3914ee11fa1b906bac479a2972b9d1ad1d22e4a%3A2%3A%7Bi%3A0%3Bs%3A5%3A%22_csrf%22%3Bi%3A1%3Bs%3A32%3A%22nuqEwDl9E3hghYl7n0HK5csX8UOQl1WM%22%3B%7D'
    'PATH' => 'C:\\Windows\\system32;C:\\Windows;C:\\Windows\\System32\\Wbem;C:\\Windows\\System32\\WindowsPowerShell\\v1.0\\;D:\\nodejs\\;F:\\phpserver\\apache\\Apache24\\bin;F:\\phpserver\\mysql\\mysql-5.6.24\\bin;F:\\phpserver\\php\\php-5.6.8;D:\\svn\\bin;D:\\wkhtmltox\\wkhtmltopdf\\bin;D:\\netbeans\\Java\\jdk1.8.0_45\\bin;'
    'SystemRoot' => 'C:\\Windows'
    'COMSPEC' => 'C:\\Windows\\system32\\cmd.exe'
    'PATHEXT' => '.COM;.EXE;.BAT;.CMD;.VBS;.VBE;.JS;.JSE;.WSF;.WSH;.MSC'
    'WINDIR' => 'C:\\Windows'
    'SERVER_SIGNATURE' => ''
    'SERVER_SOFTWARE' => 'Apache/2.4.12 (Win64) OpenSSL/1.0.1m mod_fcgid/2.3.9 PHP/5.6.8'
    'SERVER_NAME' => 'localhost'
    'SERVER_ADDR' => '::1'
    'SERVER_PORT' => '80'
    'REMOTE_ADDR' => '::1'
    'DOCUMENT_ROOT' => 'F:/phpserver/webroot'
    'REQUEST_SCHEME' => 'http'
    'CONTEXT_PREFIX' => ''
    'CONTEXT_DOCUMENT_ROOT' => 'F:/phpserver/webroot'
    'SERVER_ADMIN' => 'admin@example.com'
    'SCRIPT_FILENAME' => 'F:/phpserver/webroot/advanced/index.php'
    'REMOTE_PORT' => '52366'
    'GATEWAY_INTERFACE' => 'CGI/1.1'
    'SERVER_PROTOCOL' => 'HTTP/1.1'
    'REQUEST_METHOD' => 'GET'
    'QUERY_STRING' => ''
    'REQUEST_URI' => '/advanced/index.php'
    'SCRIPT_NAME' => '/advanced/index.php'
    'PHP_SELF' => '/advanced/index.php'
    'REQUEST_TIME_FLOAT' => 1452269221.115
    'REQUEST_TIME' => 1452269221
]
2016-01-09 00:07:11 [::1][-][-][error][yii\i18n\PhpMessageSource::loadMessages] The message file for category 'app' does not exist: F:\phpserver\webroot\advanced\common//zh-CN/app.php Fallback file does not exist as well: F:\phpserver\webroot\advanced\common//zh/app.php
    in F:\phpserver\webroot\advanced\frontend\controllers\SiteController.php:77
2016-01-09 00:07:10 [::1][-][-][info][application] $_COOKIE = [
    'PHPSESSID' => 'siqtpkt0lnsijo5hanj1kmu0i6'
    '_csrf' => '187ac06c70034462c5d699fc8e3914ee11fa1b906bac479a2972b9d1ad1d22e4a:2:{i:0;s:5:\"_csrf\";i:1;s:32:\"nuqEwDl9E3hghYl7n0HK5csX8UOQl1WM\";}'
]

$_SERVER = [
    'HTTP_HOST' => 'localhost'
    'HTTP_CONNECTION' => 'keep-alive'
    'HTTP_CACHE_CONTROL' => 'max-age=0'
    'HTTP_ACCEPT' => 'text/html,application/xhtml+xml,application/xml;q=0.9,image/webp,*/*;q=0.8'
    'HTTP_UPGRADE_INSECURE_REQUESTS' => '1'
    'HTTP_USER_AGENT' => 'Mozilla/5.0 (Windows NT 6.1; WOW64) AppleWebKit/537.36 (KHTML, like Gecko) Chrome/46.0.2490.86 Safari/537.36'
    'HTTP_ACCEPT_ENCODING' => 'gzip, deflate, sdch'
    'HTTP_ACCEPT_LANGUAGE' => 'zh-CN,zh;q=0.8'
    'HTTP_COOKIE' => 'PHPSESSID=siqtpkt0lnsijo5hanj1kmu0i6; _csrf=187ac06c70034462c5d699fc8e3914ee11fa1b906bac479a2972b9d1ad1d22e4a%3A2%3A%7Bi%3A0%3Bs%3A5%3A%22_csrf%22%3Bi%3A1%3Bs%3A32%3A%22nuqEwDl9E3hghYl7n0HK5csX8UOQl1WM%22%3B%7D'
    'PATH' => 'C:\\Windows\\system32;C:\\Windows;C:\\Windows\\System32\\Wbem;C:\\Windows\\System32\\WindowsPowerShell\\v1.0\\;D:\\nodejs\\;F:\\phpserver\\apache\\Apache24\\bin;F:\\phpserver\\mysql\\mysql-5.6.24\\bin;F:\\phpserver\\php\\php-5.6.8;D:\\svn\\bin;D:\\wkhtmltox\\wkhtmltopdf\\bin;D:\\netbeans\\Java\\jdk1.8.0_45\\bin;'
    'SystemRoot' => 'C:\\Windows'
    'COMSPEC' => 'C:\\Windows\\system32\\cmd.exe'
    'PATHEXT' => '.COM;.EXE;.BAT;.CMD;.VBS;.VBE;.JS;.JSE;.WSF;.WSH;.MSC'
    'WINDIR' => 'C:\\Windows'
    'SERVER_SIGNATURE' => ''
    'SERVER_SOFTWARE' => 'Apache/2.4.12 (Win64) OpenSSL/1.0.1m mod_fcgid/2.3.9 PHP/5.6.8'
    'SERVER_NAME' => 'localhost'
    'SERVER_ADDR' => '::1'
    'SERVER_PORT' => '80'
    'REMOTE_ADDR' => '::1'
    'DOCUMENT_ROOT' => 'F:/phpserver/webroot'
    'REQUEST_SCHEME' => 'http'
    'CONTEXT_PREFIX' => ''
    'CONTEXT_DOCUMENT_ROOT' => 'F:/phpserver/webroot'
    'SERVER_ADMIN' => 'admin@example.com'
    'SCRIPT_FILENAME' => 'F:/phpserver/webroot/advanced/index.php'
    'REMOTE_PORT' => '52367'
    'GATEWAY_INTERFACE' => 'CGI/1.1'
    'SERVER_PROTOCOL' => 'HTTP/1.1'
    'REQUEST_METHOD' => 'GET'
    'QUERY_STRING' => ''
    'REQUEST_URI' => '/advanced/index.php'
    'SCRIPT_NAME' => '/advanced/index.php'
    'PHP_SELF' => '/advanced/index.php'
    'REQUEST_TIME_FLOAT' => 1452269230.909
    'REQUEST_TIME' => 1452269230
]
2016-01-09 00:07:36 [::1][-][-][error][yii\i18n\PhpMessageSource::loadMessages] The message file for category 'app' does not exist: F:\phpserver\webroot\advanced\common//zh-CN/app.php Fallback file does not exist as well: F:\phpserver\webroot\advanced\common//zh/app.php
    in F:\phpserver\webroot\advanced\frontend\controllers\SiteController.php:77
2016-01-09 00:07:36 [::1][-][-][info][application] $_COOKIE = [
    'PHPSESSID' => 'siqtpkt0lnsijo5hanj1kmu0i6'
    '_csrf' => '187ac06c70034462c5d699fc8e3914ee11fa1b906bac479a2972b9d1ad1d22e4a:2:{i:0;s:5:\"_csrf\";i:1;s:32:\"nuqEwDl9E3hghYl7n0HK5csX8UOQl1WM\";}'
]

$_SERVER = [
    'HTTP_HOST' => 'localhost'
    'HTTP_CONNECTION' => 'keep-alive'
    'HTTP_CACHE_CONTROL' => 'max-age=0'
    'HTTP_ACCEPT' => 'text/html,application/xhtml+xml,application/xml;q=0.9,image/webp,*/*;q=0.8'
    'HTTP_UPGRADE_INSECURE_REQUESTS' => '1'
    'HTTP_USER_AGENT' => 'Mozilla/5.0 (Windows NT 6.1; WOW64) AppleWebKit/537.36 (KHTML, like Gecko) Chrome/46.0.2490.86 Safari/537.36'
    'HTTP_ACCEPT_ENCODING' => 'gzip, deflate, sdch'
    'HTTP_ACCEPT_LANGUAGE' => 'zh-CN,zh;q=0.8'
    'HTTP_COOKIE' => 'PHPSESSID=siqtpkt0lnsijo5hanj1kmu0i6; _csrf=187ac06c70034462c5d699fc8e3914ee11fa1b906bac479a2972b9d1ad1d22e4a%3A2%3A%7Bi%3A0%3Bs%3A5%3A%22_csrf%22%3Bi%3A1%3Bs%3A32%3A%22nuqEwDl9E3hghYl7n0HK5csX8UOQl1WM%22%3B%7D'
    'PATH' => 'C:\\Windows\\system32;C:\\Windows;C:\\Windows\\System32\\Wbem;C:\\Windows\\System32\\WindowsPowerShell\\v1.0\\;D:\\nodejs\\;F:\\phpserver\\apache\\Apache24\\bin;F:\\phpserver\\mysql\\mysql-5.6.24\\bin;F:\\phpserver\\php\\php-5.6.8;D:\\svn\\bin;D:\\wkhtmltox\\wkhtmltopdf\\bin;D:\\netbeans\\Java\\jdk1.8.0_45\\bin;'
    'SystemRoot' => 'C:\\Windows'
    'COMSPEC' => 'C:\\Windows\\system32\\cmd.exe'
    'PATHEXT' => '.COM;.EXE;.BAT;.CMD;.VBS;.VBE;.JS;.JSE;.WSF;.WSH;.MSC'
    'WINDIR' => 'C:\\Windows'
    'SERVER_SIGNATURE' => ''
    'SERVER_SOFTWARE' => 'Apache/2.4.12 (Win64) OpenSSL/1.0.1m mod_fcgid/2.3.9 PHP/5.6.8'
    'SERVER_NAME' => 'localhost'
    'SERVER_ADDR' => '::1'
    'SERVER_PORT' => '80'
    'REMOTE_ADDR' => '::1'
    'DOCUMENT_ROOT' => 'F:/phpserver/webroot'
    'REQUEST_SCHEME' => 'http'
    'CONTEXT_PREFIX' => ''
    'CONTEXT_DOCUMENT_ROOT' => 'F:/phpserver/webroot'
    'SERVER_ADMIN' => 'admin@example.com'
    'SCRIPT_FILENAME' => 'F:/phpserver/webroot/advanced/index.php'
    'REMOTE_PORT' => '52370'
    'GATEWAY_INTERFACE' => 'CGI/1.1'
    'SERVER_PROTOCOL' => 'HTTP/1.1'
    'REQUEST_METHOD' => 'GET'
    'QUERY_STRING' => ''
    'REQUEST_URI' => '/advanced/index.php'
    'SCRIPT_NAME' => '/advanced/index.php'
    'PHP_SELF' => '/advanced/index.php'
    'REQUEST_TIME_FLOAT' => 1452269256.167
    'REQUEST_TIME' => 1452269256
]
2016-01-09 00:07:55 [::1][-][-][error][yii\base\UnknownPropertyException] exception 'yii\base\UnknownPropertyException' with message 'Getting unknown property: yii\i18n\I18N::app' in F:\phpserver\webroot\advanced\vendor\yiisoft\yii2\base\Component.php:143
Stack trace:
#0 F:\phpserver\webroot\advanced\frontend\controllers\SiteController.php(75): yii\base\Component->__get('app')
#1 [internal function]: frontend\controllers\SiteController->actionIndex()
#2 F:\phpserver\webroot\advanced\vendor\yiisoft\yii2\base\InlineAction.php(55): call_user_func_array(Array, Array)
#3 F:\phpserver\webroot\advanced\vendor\yiisoft\yii2\base\Controller.php(151): yii\base\InlineAction->runWithParams(Array)
#4 F:\phpserver\webroot\advanced\vendor\yiisoft\yii2\base\Module.php(455): yii\base\Controller->runAction('', Array)
#5 F:\phpserver\webroot\advanced\vendor\yiisoft\yii2\web\Application.php(84): yii\base\Module->runAction('', Array)
#6 F:\phpserver\webroot\advanced\vendor\yiisoft\yii2\base\Application.php(375): yii\web\Application->handleRequest(Object(yii\web\Request))
#7 F:\phpserver\webroot\advanced\index.php(22): yii\base\Application->run()
#8 {main}
2016-01-09 00:07:55 [::1][-][-][info][application] $_COOKIE = [
    'PHPSESSID' => 'siqtpkt0lnsijo5hanj1kmu0i6'
    '_csrf' => '187ac06c70034462c5d699fc8e3914ee11fa1b906bac479a2972b9d1ad1d22e4a:2:{i:0;s:5:\"_csrf\";i:1;s:32:\"nuqEwDl9E3hghYl7n0HK5csX8UOQl1WM\";}'
]

$_SERVER = [
    'HTTP_HOST' => 'localhost'
    'HTTP_CONNECTION' => 'keep-alive'
    'HTTP_CACHE_CONTROL' => 'max-age=0'
    'HTTP_ACCEPT' => 'text/html,application/xhtml+xml,application/xml;q=0.9,image/webp,*/*;q=0.8'
    'HTTP_UPGRADE_INSECURE_REQUESTS' => '1'
    'HTTP_USER_AGENT' => 'Mozilla/5.0 (Windows NT 6.1; WOW64) AppleWebKit/537.36 (KHTML, like Gecko) Chrome/46.0.2490.86 Safari/537.36'
    'HTTP_ACCEPT_ENCODING' => 'gzip, deflate, sdch'
    'HTTP_ACCEPT_LANGUAGE' => 'zh-CN,zh;q=0.8'
    'HTTP_COOKIE' => 'PHPSESSID=siqtpkt0lnsijo5hanj1kmu0i6; _csrf=187ac06c70034462c5d699fc8e3914ee11fa1b906bac479a2972b9d1ad1d22e4a%3A2%3A%7Bi%3A0%3Bs%3A5%3A%22_csrf%22%3Bi%3A1%3Bs%3A32%3A%22nuqEwDl9E3hghYl7n0HK5csX8UOQl1WM%22%3B%7D'
    'PATH' => 'C:\\Windows\\system32;C:\\Windows;C:\\Windows\\System32\\Wbem;C:\\Windows\\System32\\WindowsPowerShell\\v1.0\\;D:\\nodejs\\;F:\\phpserver\\apache\\Apache24\\bin;F:\\phpserver\\mysql\\mysql-5.6.24\\bin;F:\\phpserver\\php\\php-5.6.8;D:\\svn\\bin;D:\\wkhtmltox\\wkhtmltopdf\\bin;D:\\netbeans\\Java\\jdk1.8.0_45\\bin;'
    'SystemRoot' => 'C:\\Windows'
    'COMSPEC' => 'C:\\Windows\\system32\\cmd.exe'
    'PATHEXT' => '.COM;.EXE;.BAT;.CMD;.VBS;.VBE;.JS;.JSE;.WSF;.WSH;.MSC'
    'WINDIR' => 'C:\\Windows'
    'SERVER_SIGNATURE' => ''
    'SERVER_SOFTWARE' => 'Apache/2.4.12 (Win64) OpenSSL/1.0.1m mod_fcgid/2.3.9 PHP/5.6.8'
    'SERVER_NAME' => 'localhost'
    'SERVER_ADDR' => '::1'
    'SERVER_PORT' => '80'
    'REMOTE_ADDR' => '::1'
    'DOCUMENT_ROOT' => 'F:/phpserver/webroot'
    'REQUEST_SCHEME' => 'http'
    'CONTEXT_PREFIX' => ''
    'CONTEXT_DOCUMENT_ROOT' => 'F:/phpserver/webroot'
    'SERVER_ADMIN' => 'admin@example.com'
    'SCRIPT_FILENAME' => 'F:/phpserver/webroot/advanced/index.php'
    'REMOTE_PORT' => '52371'
    'GATEWAY_INTERFACE' => 'CGI/1.1'
    'SERVER_PROTOCOL' => 'HTTP/1.1'
    'REQUEST_METHOD' => 'GET'
    'QUERY_STRING' => ''
    'REQUEST_URI' => '/advanced/index.php'
    'SCRIPT_NAME' => '/advanced/index.php'
    'PHP_SELF' => '/advanced/index.php'
    'REQUEST_TIME_FLOAT' => 1452269275.693
    'REQUEST_TIME' => 1452269275
]
2016-01-09 00:07:55 [::1][-][-][warning][yii\log\Dispatcher::dispatch] Unable to send log via yii\debug\LogTarget: Exception 'Exception' with message 'Serialization of 'Closure' is not allowed' 

in F:\phpserver\webroot\advanced\vendor\yiisoft\yii2-debug\LogTarget.php:58

Stack trace:
#0 F:\phpserver\webroot\advanced\vendor\yiisoft\yii2-debug\LogTarget.php(58): serialize(Array)
#1 F:\phpserver\webroot\advanced\vendor\yiisoft\yii2-debug\LogTarget.php(112): yii\debug\LogTarget->export(Array)
#2 F:\phpserver\webroot\advanced\vendor\yiisoft\yii2\log\Dispatcher.php(183): yii\debug\LogTarget->collect(Array, true)
#3 F:\phpserver\webroot\advanced\vendor\yiisoft\yii2\log\Logger.php(173): yii\log\Dispatcher->dispatch(Array, true)
#4 F:\phpserver\webroot\advanced\vendor\yiisoft\yii2\base\ErrorHandler.php(111): yii\log\Logger->flush(true)
#5 [internal function]: yii\base\ErrorHandler->handleException(Object(yii\base\UnknownPropertyException))
#6 {main}
2016-01-09 00:07:55 [::1][-][-][info][application] $_COOKIE = [
    'PHPSESSID' => 'siqtpkt0lnsijo5hanj1kmu0i6'
    '_csrf' => '187ac06c70034462c5d699fc8e3914ee11fa1b906bac479a2972b9d1ad1d22e4a:2:{i:0;s:5:\"_csrf\";i:1;s:32:\"nuqEwDl9E3hghYl7n0HK5csX8UOQl1WM\";}'
]

$_SERVER = [
    'HTTP_HOST' => 'localhost'
    'HTTP_CONNECTION' => 'keep-alive'
    'HTTP_CACHE_CONTROL' => 'max-age=0'
    'HTTP_ACCEPT' => 'text/html,application/xhtml+xml,application/xml;q=0.9,image/webp,*/*;q=0.8'
    'HTTP_UPGRADE_INSECURE_REQUESTS' => '1'
    'HTTP_USER_AGENT' => 'Mozilla/5.0 (Windows NT 6.1; WOW64) AppleWebKit/537.36 (KHTML, like Gecko) Chrome/46.0.2490.86 Safari/537.36'
    'HTTP_ACCEPT_ENCODING' => 'gzip, deflate, sdch'
    'HTTP_ACCEPT_LANGUAGE' => 'zh-CN,zh;q=0.8'
    'HTTP_COOKIE' => 'PHPSESSID=siqtpkt0lnsijo5hanj1kmu0i6; _csrf=187ac06c70034462c5d699fc8e3914ee11fa1b906bac479a2972b9d1ad1d22e4a%3A2%3A%7Bi%3A0%3Bs%3A5%3A%22_csrf%22%3Bi%3A1%3Bs%3A32%3A%22nuqEwDl9E3hghYl7n0HK5csX8UOQl1WM%22%3B%7D'
    'PATH' => 'C:\\Windows\\system32;C:\\Windows;C:\\Windows\\System32\\Wbem;C:\\Windows\\System32\\WindowsPowerShell\\v1.0\\;D:\\nodejs\\;F:\\phpserver\\apache\\Apache24\\bin;F:\\phpserver\\mysql\\mysql-5.6.24\\bin;F:\\phpserver\\php\\php-5.6.8;D:\\svn\\bin;D:\\wkhtmltox\\wkhtmltopdf\\bin;D:\\netbeans\\Java\\jdk1.8.0_45\\bin;'
    'SystemRoot' => 'C:\\Windows'
    'COMSPEC' => 'C:\\Windows\\system32\\cmd.exe'
    'PATHEXT' => '.COM;.EXE;.BAT;.CMD;.VBS;.VBE;.JS;.JSE;.WSF;.WSH;.MSC'
    'WINDIR' => 'C:\\Windows'
    'SERVER_SIGNATURE' => ''
    'SERVER_SOFTWARE' => 'Apache/2.4.12 (Win64) OpenSSL/1.0.1m mod_fcgid/2.3.9 PHP/5.6.8'
    'SERVER_NAME' => 'localhost'
    'SERVER_ADDR' => '::1'
    'SERVER_PORT' => '80'
    'REMOTE_ADDR' => '::1'
    'DOCUMENT_ROOT' => 'F:/phpserver/webroot'
    'REQUEST_SCHEME' => 'http'
    'CONTEXT_PREFIX' => ''
    'CONTEXT_DOCUMENT_ROOT' => 'F:/phpserver/webroot'
    'SERVER_ADMIN' => 'admin@example.com'
    'SCRIPT_FILENAME' => 'F:/phpserver/webroot/advanced/index.php'
    'REMOTE_PORT' => '52371'
    'GATEWAY_INTERFACE' => 'CGI/1.1'
    'SERVER_PROTOCOL' => 'HTTP/1.1'
    'REQUEST_METHOD' => 'GET'
    'QUERY_STRING' => ''
    'REQUEST_URI' => '/advanced/index.php'
    'SCRIPT_NAME' => '/advanced/index.php'
    'PHP_SELF' => '/advanced/index.php'
    'REQUEST_TIME_FLOAT' => 1452269275.693
    'REQUEST_TIME' => 1452269275
]
2016-01-09 00:08:05 [::1][-][-][error][yii\i18n\PhpMessageSource::loadMessages] The message file for category 'app' does not exist: F:\phpserver\webroot\advanced\common//zh-CN/app.php Fallback file does not exist as well: F:\phpserver\webroot\advanced\common//zh/app.php
    in F:\phpserver\webroot\advanced\frontend\controllers\SiteController.php:77
2016-01-09 00:08:05 [::1][-][-][info][application] $_COOKIE = [
    'PHPSESSID' => 'siqtpkt0lnsijo5hanj1kmu0i6'
    '_csrf' => '187ac06c70034462c5d699fc8e3914ee11fa1b906bac479a2972b9d1ad1d22e4a:2:{i:0;s:5:\"_csrf\";i:1;s:32:\"nuqEwDl9E3hghYl7n0HK5csX8UOQl1WM\";}'
]

$_SERVER = [
    'HTTP_HOST' => 'localhost'
    'HTTP_CONNECTION' => 'keep-alive'
    'HTTP_CACHE_CONTROL' => 'max-age=0'
    'HTTP_ACCEPT' => 'text/html,application/xhtml+xml,application/xml;q=0.9,image/webp,*/*;q=0.8'
    'HTTP_UPGRADE_INSECURE_REQUESTS' => '1'
    'HTTP_USER_AGENT' => 'Mozilla/5.0 (Windows NT 6.1; WOW64) AppleWebKit/537.36 (KHTML, like Gecko) Chrome/46.0.2490.86 Safari/537.36'
    'HTTP_ACCEPT_ENCODING' => 'gzip, deflate, sdch'
    'HTTP_ACCEPT_LANGUAGE' => 'zh-CN,zh;q=0.8'
    'HTTP_COOKIE' => 'PHPSESSID=siqtpkt0lnsijo5hanj1kmu0i6; _csrf=187ac06c70034462c5d699fc8e3914ee11fa1b906bac479a2972b9d1ad1d22e4a%3A2%3A%7Bi%3A0%3Bs%3A5%3A%22_csrf%22%3Bi%3A1%3Bs%3A32%3A%22nuqEwDl9E3hghYl7n0HK5csX8UOQl1WM%22%3B%7D'
    'PATH' => 'C:\\Windows\\system32;C:\\Windows;C:\\Windows\\System32\\Wbem;C:\\Windows\\System32\\WindowsPowerShell\\v1.0\\;D:\\nodejs\\;F:\\phpserver\\apache\\Apache24\\bin;F:\\phpserver\\mysql\\mysql-5.6.24\\bin;F:\\phpserver\\php\\php-5.6.8;D:\\svn\\bin;D:\\wkhtmltox\\wkhtmltopdf\\bin;D:\\netbeans\\Java\\jdk1.8.0_45\\bin;'
    'SystemRoot' => 'C:\\Windows'
    'COMSPEC' => 'C:\\Windows\\system32\\cmd.exe'
    'PATHEXT' => '.COM;.EXE;.BAT;.CMD;.VBS;.VBE;.JS;.JSE;.WSF;.WSH;.MSC'
    'WINDIR' => 'C:\\Windows'
    'SERVER_SIGNATURE' => ''
    'SERVER_SOFTWARE' => 'Apache/2.4.12 (Win64) OpenSSL/1.0.1m mod_fcgid/2.3.9 PHP/5.6.8'
    'SERVER_NAME' => 'localhost'
    'SERVER_ADDR' => '::1'
    'SERVER_PORT' => '80'
    'REMOTE_ADDR' => '::1'
    'DOCUMENT_ROOT' => 'F:/phpserver/webroot'
    'REQUEST_SCHEME' => 'http'
    'CONTEXT_PREFIX' => ''
    'CONTEXT_DOCUMENT_ROOT' => 'F:/phpserver/webroot'
    'SERVER_ADMIN' => 'admin@example.com'
    'SCRIPT_FILENAME' => 'F:/phpserver/webroot/advanced/index.php'
    'REMOTE_PORT' => '52373'
    'GATEWAY_INTERFACE' => 'CGI/1.1'
    'SERVER_PROTOCOL' => 'HTTP/1.1'
    'REQUEST_METHOD' => 'GET'
    'QUERY_STRING' => ''
    'REQUEST_URI' => '/advanced/index.php'
    'SCRIPT_NAME' => '/advanced/index.php'
    'PHP_SELF' => '/advanced/index.php'
    'REQUEST_TIME_FLOAT' => 1452269285.659
    'REQUEST_TIME' => 1452269285
]
